Arguments: 
  C:\Program Files\nodejs\node.exe C:\Program Files (x86)\Yarn\bin\yarn.js add @types/espress -D

PATH: 
  C:\Program Files\WindowsApps\Microsoft.PowerShell_7.4.5.0_x64__8wekyb3d8bbwe;C:\Program Files\Common Files\Oracle\Java\javapath;C:\WINDOWS\system32;C:\WINDOWS;C:\WINDOWS\System32\Wbem;C:\WINDOWS\System32\WindowsPowerShell\v1.0\;C:\WINDOWS\System32\OpenSSH\;C:\Program Files\Java\jdk-20;C:\Program Files\dotnet\;C:\Program Files\Git\cmd;C:\Program Files\MongoDB\Server\7.0\bin;C:\Program Files\Docker\Docker\resources\bin;C:\Program Files (x86)\Yarn\bin\;C:\dev\flutter\flutter\bin;C:\Program Files\Amazon\AWSCLIV2\;C:\Program Files\Amazon\AWSSAMCLI\bin\;C:\Users\macar\AppData\Local\Programs\Python\Launcher\;C:\Users\macar\AppData\Roaming\nvm;C:\Program Files\nodejs;C:\Program Files\Stripe;C:\Users\macar\.console-ninja\.bin;C:\Users\macar\AppData\Local\Programs\Python\Launcher\;C:\Program Files\MySQL\MySQL Shell 8.0\bin\;C:\Users\macar\AppData\Local\Microsoft\WindowsApps;%IntelliJ IDEA%;C:\Users\macar\AppData\Local\Programs\Microsoft VS Code\bin;C:\Users\macar\AppData\Local\Yarn\bin;C:\dev\flutter\flutter\bin;C:\Program Files\Java\jdk-20;C:\Users\macar\AppData\Roaming\npm;C:\Users\macar\AppData\Roaming\nvm;C:\Program Files\nodejs

Yarn version: 
  1.22.19

Node version: 
  18.17.0

Platform: 
  win32 x64

Trace: 
  Error: https://registry.yarnpkg.com/@types%2fespress: Not found
      at params.callback [as _callback] (C:\Program Files (x86)\Yarn\lib\cli.js:66145:18)
      at self.callback (C:\Program Files (x86)\Yarn\lib\cli.js:140890:22)
      at Request.emit (node:events:514:28)
      at Request.<anonymous> (C:\Program Files (x86)\Yarn\lib\cli.js:141862:10)
      at Request.emit (node:events:514:28)
      at IncomingMessage.<anonymous> (C:\Program Files (x86)\Yarn\lib\cli.js:141784:12)
      at Object.onceWrapper (node:events:628:28)
      at IncomingMessage.emit (node:events:526:35)
      at endReadableNT (node:internal/streams/readable:1359:12)
      at process.processTicksAndRejections (node:internal/process/task_queues:82:21)

npm manifest: 
  {
    "name": "server",
    "version": "1.0.0",
    "main": "index.js",
    "license": "MIT",
    "devDependencies": {
      "typescript": "^5.5.4"
    },
    "dependencies": {
      "espress": "^0.0.0"
    }
  }

yarn manifest: 
  No manifest

Lockfile: 
  # THIS IS AN AUTOGENERATED FILE. DO NOT EDIT THIS FILE DIRECTLY.
  # yarn lockfile v1
  
  
  espress@^0.0.0:
    version "0.0.0"
    resolved "https://registry.yarnpkg.com/espress/-/espress-0.0.0.tgz#6be3c6d3bff0bd6fb7bb6c3d557243b9c2a22f69"
    integrity sha512-A0J9eUTWwqj/vaBgZUBaKwrre8TNR2OZIJu0mcVOWCMBUgKB6TTbTTHXeMhkNQw2KytxQxk3eMy4I3C3AG2GOQ==
  
  typescript@^5.5.4:
    version "5.5.4"
    resolved "https://registry.yarnpkg.com/typescript/-/typescript-5.5.4.tgz#d9852d6c82bad2d2eda4fd74a5762a8f5909e9ba"
    integrity sha512-Mtq29sKDAEYP7aljRgtPOpTvOfbwRWlS6dPRzwjdE+C0R4brX/GUyhHSecbHMFLNBLcJIPt9nl9yG5TZ1weH+Q==
